<?xml version="1.0" encoding="UTF-8"?>
<testsuite xmlns:xsi="http://www.w3.org/2001/XMLSchema-instance" xsi:noNamespaceSchemaLocation="https://maven.apache.org/surefire/maven-surefire-plugin/xsd/surefire-test-report.xsd" name="cn.glutaa.GlutaaApiApplicationTests" time="6.202" tests="5" errors="0" skipped="0" failures="0">
  <properties>
    <property name="sun.desktop" value="windows"/>
    <property name="awt.toolkit" value="sun.awt.windows.WToolkit"/>
    <property name="java.specification.version" value="11"/>
    <property name="sun.cpu.isalist" value="amd64"/>
    <property name="sun.jnu.encoding" value="GBK"/>
    <property name="java.class.path" value="C:\project\java\springboot\glutaa-api\target\test-classes;C:\project\java\springboot\glutaa-api\target\classes;C:\env\maven\repository\org\springframework\boot\spring-boot-starter-web\2.7.8\spring-boot-starter-web-2.7.8.jar;C:\env\maven\repository\org\springframework\boot\spring-boot-starter\2.7.8\spring-boot-starter-2.7.8.jar;C:\env\maven\repository\org\springframework\boot\spring-boot\2.7.8\spring-boot-2.7.8.jar;C:\env\maven\repository\org\springframework\boot\spring-boot-autoconfigure\2.7.8\spring-boot-autoconfigure-2.7.8.jar;C:\env\maven\repository\org\springframework\boot\spring-boot-starter-logging\2.7.8\spring-boot-starter-logging-2.7.8.jar;C:\env\maven\repository\ch\qos\logback\logback-classic\1.2.11\logback-classic-1.2.11.jar;C:\env\maven\repository\ch\qos\logback\logback-core\1.2.11\logback-core-1.2.11.jar;C:\env\maven\repository\org\apache\logging\log4j\log4j-to-slf4j\2.17.2\log4j-to-slf4j-2.17.2.jar;C:\env\maven\repository\org\apache\logging\log4j\log4j-api\2.17.2\log4j-api-2.17.2.jar;C:\env\maven\repository\org\slf4j\jul-to-slf4j\1.7.36\jul-to-slf4j-1.7.36.jar;C:\env\maven\repository\jakarta\annotation\jakarta.annotation-api\1.3.5\jakarta.annotation-api-1.3.5.jar;C:\env\maven\repository\org\yaml\snakeyaml\1.30\snakeyaml-1.30.jar;C:\env\maven\repository\org\springframework\boot\spring-boot-starter-json\2.7.8\spring-boot-starter-json-2.7.8.jar;C:\env\maven\repository\com\fasterxml\jackson\core\jackson-databind\2.13.4.2\jackson-databind-2.13.4.2.jar;C:\env\maven\repository\com\fasterxml\jackson\core\jackson-annotations\2.13.4\jackson-annotations-2.13.4.jar;C:\env\maven\repository\com\fasterxml\jackson\core\jackson-core\2.13.4\jackson-core-2.13.4.jar;C:\env\maven\repository\com\fasterxml\jackson\datatype\jackson-datatype-jdk8\2.13.4\jackson-datatype-jdk8-2.13.4.jar;C:\env\maven\repository\com\fasterxml\jackson\datatype\jackson-datatype-jsr310\2.13.4\jackson-datatype-jsr310-2.13.4.jar;C:\env\maven\repository\com\fasterxml\jackson\module\jackson-module-parameter-names\2.13.4\jackson-module-parameter-names-2.13.4.jar;C:\env\maven\repository\org\springframework\boot\spring-boot-starter-tomcat\2.7.8\spring-boot-starter-tomcat-2.7.8.jar;C:\env\maven\repository\org\apache\tomcat\embed\tomcat-embed-core\9.0.71\tomcat-embed-core-9.0.71.jar;C:\env\maven\repository\org\apache\tomcat\embed\tomcat-embed-el\9.0.71\tomcat-embed-el-9.0.71.jar;C:\env\maven\repository\org\apache\tomcat\embed\tomcat-embed-websocket\9.0.71\tomcat-embed-websocket-9.0.71.jar;C:\env\maven\repository\org\springframework\spring-web\5.3.25\spring-web-5.3.25.jar;C:\env\maven\repository\org\springframework\spring-beans\5.3.25\spring-beans-5.3.25.jar;C:\env\maven\repository\org\springframework\spring-webmvc\5.3.25\spring-webmvc-5.3.25.jar;C:\env\maven\repository\org\springframework\spring-aop\5.3.25\spring-aop-5.3.25.jar;C:\env\maven\repository\org\springframework\spring-context\5.3.25\spring-context-5.3.25.jar;C:\env\maven\repository\org\springframework\spring-expression\5.3.25\spring-expression-5.3.25.jar;C:\env\maven\repository\org\springframework\boot\spring-boot-starter-test\2.7.8\spring-boot-starter-test-2.7.8.jar;C:\env\maven\repository\org\springframework\boot\spring-boot-test\2.7.8\spring-boot-test-2.7.8.jar;C:\env\maven\repository\org\springframework\boot\spring-boot-test-autoconfigure\2.7.8\spring-boot-test-autoconfigure-2.7.8.jar;C:\env\maven\repository\com\jayway\jsonpath\json-path\2.7.0\json-path-2.7.0.jar;C:\env\maven\repository\net\minidev\json-smart\2.4.8\json-smart-2.4.8.jar;C:\env\maven\repository\net\minidev\accessors-smart\2.4.8\accessors-smart-2.4.8.jar;C:\env\maven\repository\org\ow2\asm\asm\9.1\asm-9.1.jar;C:\env\maven\repository\jakarta\xml\bind\jakarta.xml.bind-api\2.3.3\jakarta.xml.bind-api-2.3.3.jar;C:\env\maven\repository\jakarta\activation\jakarta.activation-api\1.2.2\jakarta.activation-api-1.2.2.jar;C:\env\maven\repository\org\assertj\assertj-core\3.22.0\assertj-core-3.22.0.jar;C:\env\maven\repository\org\hamcrest\hamcrest\2.2\hamcrest-2.2.jar;C:\env\maven\repository\org\junit\jupiter\junit-jupiter\5.8.2\junit-jupiter-5.8.2.jar;C:\env\maven\repository\org\junit\jupiter\junit-jupiter-api\5.8.2\junit-jupiter-api-5.8.2.jar;C:\env\maven\repository\org\opentest4j\opentest4j\1.2.0\opentest4j-1.2.0.jar;C:\env\maven\repository\org\junit\platform\junit-platform-commons\1.8.2\junit-platform-commons-1.8.2.jar;C:\env\maven\repository\org\apiguardian\apiguardian-api\1.1.2\apiguardian-api-1.1.2.jar;C:\env\maven\repository\org\junit\jupiter\junit-jupiter-params\5.8.2\junit-jupiter-params-5.8.2.jar;C:\env\maven\repository\org\junit\jupiter\junit-jupiter-engine\5.8.2\junit-jupiter-engine-5.8.2.jar;C:\env\maven\repository\org\junit\platform\junit-platform-engine\1.8.2\junit-platform-engine-1.8.2.jar;C:\env\maven\repository\org\mockito\mockito-core\4.5.1\mockito-core-4.5.1.jar;C:\env\maven\repository\net\bytebuddy\byte-buddy\1.12.22\byte-buddy-1.12.22.jar;C:\env\maven\repository\net\bytebuddy\byte-buddy-agent\1.12.22\byte-buddy-agent-1.12.22.jar;C:\env\maven\repository\org\objenesis\objenesis\3.2\objenesis-3.2.jar;C:\env\maven\repository\org\mockito\mockito-junit-jupiter\4.5.1\mockito-junit-jupiter-4.5.1.jar;C:\env\maven\repository\org\skyscreamer\jsonassert\1.5.1\jsonassert-1.5.1.jar;C:\env\maven\repository\com\vaadin\external\google\android-json\0.0.20131108.vaadin1\android-json-0.0.20131108.vaadin1.jar;C:\env\maven\repository\org\springframework\spring-core\5.3.25\spring-core-5.3.25.jar;C:\env\maven\repository\org\springframework\spring-jcl\5.3.25\spring-jcl-5.3.25.jar;C:\env\maven\repository\org\springframework\spring-test\5.3.25\spring-test-5.3.25.jar;C:\env\maven\repository\org\xmlunit\xmlunit-core\2.9.1\xmlunit-core-2.9.1.jar;C:\env\maven\repository\io\springfox\springfox-boot-starter\3.0.0\springfox-boot-starter-3.0.0.jar;C:\env\maven\repository\io\springfox\springfox-oas\3.0.0\springfox-oas-3.0.0.jar;C:\env\maven\repository\io\swagger\core\v3\swagger-annotations\2.1.2\swagger-annotations-2.1.2.jar;C:\env\maven\repository\io\swagger\core\v3\swagger-models\2.1.2\swagger-models-2.1.2.jar;C:\env\maven\repository\io\springfox\springfox-spi\3.0.0\springfox-spi-3.0.0.jar;C:\env\maven\repository\io\springfox\springfox-schema\3.0.0\springfox-schema-3.0.0.jar;C:\env\maven\repository\io\springfox\springfox-core\3.0.0\springfox-core-3.0.0.jar;C:\env\maven\repository\io\springfox\springfox-spring-web\3.0.0\springfox-spring-web-3.0.0.jar;C:\env\maven\repository\io\github\classgraph\classgraph\4.8.83\classgraph-4.8.83.jar;C:\env\maven\repository\io\springfox\springfox-spring-webmvc\3.0.0\springfox-spring-webmvc-3.0.0.jar;C:\env\maven\repository\io\springfox\springfox-spring-webflux\3.0.0\springfox-spring-webflux-3.0.0.jar;C:\env\maven\repository\io\springfox\springfox-swagger-common\3.0.0\springfox-swagger-common-3.0.0.jar;C:\env\maven\repository\org\mapstruct\mapstruct\1.3.1.Final\mapstruct-1.3.1.Final.jar;C:\env\maven\repository\io\springfox\springfox-data-rest\3.0.0\springfox-data-rest-3.0.0.jar;C:\env\maven\repository\io\springfox\springfox-bean-validators\3.0.0\springfox-bean-validators-3.0.0.jar;C:\env\maven\repository\io\springfox\springfox-swagger2\3.0.0\springfox-swagger2-3.0.0.jar;C:\env\maven\repository\io\swagger\swagger-annotations\1.5.20\swagger-annotations-1.5.20.jar;C:\env\maven\repository\io\swagger\swagger-models\1.5.20\swagger-models-1.5.20.jar;C:\env\maven\repository\io\springfox\springfox-swagger-ui\3.0.0\springfox-swagger-ui-3.0.0.jar;C:\env\maven\repository\com\fasterxml\classmate\1.5.1\classmate-1.5.1.jar;C:\env\maven\repository\org\slf4j\slf4j-api\1.7.36\slf4j-api-1.7.36.jar;C:\env\maven\repository\org\springframework\plugin\spring-plugin-core\2.0.0.RELEASE\spring-plugin-core-2.0.0.RELEASE.jar;C:\env\maven\repository\org\springframework\plugin\spring-plugin-metadata\2.0.0.RELEASE\spring-plugin-metadata-2.0.0.RELEASE.jar;C:\env\maven\repository\org\springframework\boot\spring-boot-starter-data-jpa\2.7.8\spring-boot-starter-data-jpa-2.7.8.jar;C:\env\maven\repository\org\springframework\boot\spring-boot-starter-aop\2.7.8\spring-boot-starter-aop-2.7.8.jar;C:\env\maven\repository\org\aspectj\aspectjweaver\1.9.7\aspectjweaver-1.9.7.jar;C:\env\maven\repository\org\springframework\boot\spring-boot-starter-jdbc\2.7.8\spring-boot-starter-jdbc-2.7.8.jar;C:\env\maven\repository\com\zaxxer\HikariCP\4.0.3\HikariCP-4.0.3.jar;C:\env\maven\repository\org\springframework\spring-jdbc\5.3.25\spring-jdbc-5.3.25.jar;C:\env\maven\repository\jakarta\transaction\jakarta.transaction-api\1.3.3\jakarta.transaction-api-1.3.3.jar;C:\env\maven\repository\jakarta\persistence\jakarta.persistence-api\2.2.3\jakarta.persistence-api-2.2.3.jar;C:\env\maven\repository\org\hibernate\hibernate-core\5.6.14.Final\hibernate-core-5.6.14.Final.jar;C:\env\maven\repository\org\jboss\logging\jboss-logging\3.4.3.Final\jboss-logging-3.4.3.Final.jar;C:\env\maven\repository\antlr\antlr\2.7.7\antlr-2.7.7.jar;C:\env\maven\repository\org\jboss\jandex\2.4.2.Final\jandex-2.4.2.Final.jar;C:\env\maven\repository\org\hibernate\common\hibernate-commons-annotations\5.1.2.Final\hibernate-commons-annotations-5.1.2.Final.jar;C:\env\maven\repository\org\glassfish\jaxb\jaxb-runtime\2.3.7\jaxb-runtime-2.3.7.jar;C:\env\maven\repository\org\glassfish\jaxb\txw2\2.3.7\txw2-2.3.7.jar;C:\env\maven\repository\com\sun\istack\istack-commons-runtime\3.0.12\istack-commons-runtime-3.0.12.jar;C:\env\maven\repository\com\sun\activation\jakarta.activation\1.2.2\jakarta.activation-1.2.2.jar;C:\env\maven\repository\org\springframework\data\spring-data-jpa\2.7.7\spring-data-jpa-2.7.7.jar;C:\env\maven\repository\org\springframework\data\spring-data-commons\2.7.7\spring-data-commons-2.7.7.jar;C:\env\maven\repository\org\springframework\spring-orm\5.3.25\spring-orm-5.3.25.jar;C:\env\maven\repository\org\springframework\spring-tx\5.3.25\spring-tx-5.3.25.jar;C:\env\maven\repository\org\springframework\spring-aspects\5.3.25\spring-aspects-5.3.25.jar;C:\env\maven\repository\mysql\mysql-connector-java\8.0.17\mysql-connector-java-8.0.17.jar;C:\env\maven\repository\com\google\protobuf\protobuf-java\3.6.1\protobuf-java-3.6.1.jar;C:\env\maven\repository\org\springframework\boot\spring-boot-starter-data-redis\2.7.8\spring-boot-starter-data-redis-2.7.8.jar;C:\env\maven\repository\org\springframework\data\spring-data-redis\2.7.7\spring-data-redis-2.7.7.jar;C:\env\maven\repository\org\springframework\data\spring-data-keyvalue\2.7.7\spring-data-keyvalue-2.7.7.jar;C:\env\maven\repository\org\springframework\spring-oxm\5.3.25\spring-oxm-5.3.25.jar;C:\env\maven\repository\org\springframework\spring-context-support\5.3.25\spring-context-support-5.3.25.jar;C:\env\maven\repository\io\lettuce\lettuce-core\6.1.10.RELEASE\lettuce-core-6.1.10.RELEASE.jar;C:\env\maven\repository\io\netty\netty-common\4.1.87.Final\netty-common-4.1.87.Final.jar;C:\env\maven\repository\io\netty\netty-handler\4.1.87.Final\netty-handler-4.1.87.Final.jar;C:\env\maven\repository\io\netty\netty-resolver\4.1.87.Final\netty-resolver-4.1.87.Final.jar;C:\env\maven\repository\io\netty\netty-buffer\4.1.87.Final\netty-buffer-4.1.87.Final.jar;C:\env\maven\repository\io\netty\netty-transport-native-unix-common\4.1.87.Final\netty-transport-native-unix-common-4.1.87.Final.jar;C:\env\maven\repository\io\netty\netty-codec\4.1.87.Final\netty-codec-4.1.87.Final.jar;C:\env\maven\repository\io\netty\netty-transport\4.1.87.Final\netty-transport-4.1.87.Final.jar;C:\env\maven\repository\io\projectreactor\reactor-core\3.4.26\reactor-core-3.4.26.jar;C:\env\maven\repository\org\reactivestreams\reactive-streams\1.0.4\reactive-streams-1.0.4.jar;C:\env\maven\repository\org\projectlombok\lombok\1.18.24\lombok-1.18.24.jar;C:\env\maven\repository\org\modelmapper\modelmapper\2.4.5\modelmapper-2.4.5.jar;C:\env\maven\repository\org\springframework\boot\spring-boot-configuration-processor\2.7.8\spring-boot-configuration-processor-2.7.8.jar;"/>
    <property name="java.vm.vendor" value="Oracle Corporation"/>
    <property name="sun.arch.data.model" value="64"/>
    <property name="user.variant" value=""/>
    <property name="java.vendor.url" value="https://openjdk.java.net/"/>
    <property name="user.timezone" value="Asia/Shanghai"/>
    <property name="java.vm.specification.version" value="11"/>
    <property name="os.name" value="Windows 10"/>
    <property name="sun.java.launcher" value="SUN_STANDARD"/>
    <property name="user.country" value="CN"/>
    <property name="sun.boot.library.path" value="C:\env\java\jdk-11.0.17\bin"/>
    <property name="sun.java.command" value="C:\Users\Ching\AppData\Local\Temp\surefire11873373332673785902\surefirebooter115657335704389706.jar C:\Users\Ching\AppData\Local\Temp\surefire11873373332673785902 2023-03-26T19-41-58_482-jvmRun1 surefire5163191086858799937tmp surefire_05545230019224083875tmp"/>
    <property name="jdk.debug" value="release"/>
    <property name="surefire.test.class.path" value="C:\project\java\springboot\glutaa-api\target\test-classes;C:\project\java\springboot\glutaa-api\target\classes;C:\env\maven\repository\org\springframework\boot\spring-boot-starter-web\2.7.8\spring-boot-starter-web-2.7.8.jar;C:\env\maven\repository\org\springframework\boot\spring-boot-starter\2.7.8\spring-boot-starter-2.7.8.jar;C:\env\maven\repository\org\springframework\boot\spring-boot\2.7.8\spring-boot-2.7.8.jar;C:\env\maven\repository\org\springframework\boot\spring-boot-autoconfigure\2.7.8\spring-boot-autoconfigure-2.7.8.jar;C:\env\maven\repository\org\springframework\boot\spring-boot-starter-logging\2.7.8\spring-boot-starter-logging-2.7.8.jar;C:\env\maven\repository\ch\qos\logback\logback-classic\1.2.11\logback-classic-1.2.11.jar;C:\env\maven\repository\ch\qos\logback\logback-core\1.2.11\logback-core-1.2.11.jar;C:\env\maven\repository\org\apache\logging\log4j\log4j-to-slf4j\2.17.2\log4j-to-slf4j-2.17.2.jar;C:\env\maven\repository\org\apache\logging\log4j\log4j-api\2.17.2\log4j-api-2.17.2.jar;C:\env\maven\repository\org\slf4j\jul-to-slf4j\1.7.36\jul-to-slf4j-1.7.36.jar;C:\env\maven\repository\jakarta\annotation\jakarta.annotation-api\1.3.5\jakarta.annotation-api-1.3.5.jar;C:\env\maven\repository\org\yaml\snakeyaml\1.30\snakeyaml-1.30.jar;C:\env\maven\repository\org\springframework\boot\spring-boot-starter-json\2.7.8\spring-boot-starter-json-2.7.8.jar;C:\env\maven\repository\com\fasterxml\jackson\core\jackson-databind\2.13.4.2\jackson-databind-2.13.4.2.jar;C:\env\maven\repository\com\fasterxml\jackson\core\jackson-annotations\2.13.4\jackson-annotations-2.13.4.jar;C:\env\maven\repository\com\fasterxml\jackson\core\jackson-core\2.13.4\jackson-core-2.13.4.jar;C:\env\maven\repository\com\fasterxml\jackson\datatype\jackson-datatype-jdk8\2.13.4\jackson-datatype-jdk8-2.13.4.jar;C:\env\maven\repository\com\fasterxml\jackson\datatype\jackson-datatype-jsr310\2.13.4\jackson-datatype-jsr310-2.13.4.jar;C:\env\maven\repository\com\fasterxml\jackson\module\jackson-module-parameter-names\2.13.4\jackson-module-parameter-names-2.13.4.jar;C:\env\maven\repository\org\springframework\boot\spring-boot-starter-tomcat\2.7.8\spring-boot-starter-tomcat-2.7.8.jar;C:\env\maven\repository\org\apache\tomcat\embed\tomcat-embed-core\9.0.71\tomcat-embed-core-9.0.71.jar;C:\env\maven\repository\org\apache\tomcat\embed\tomcat-embed-el\9.0.71\tomcat-embed-el-9.0.71.jar;C:\env\maven\repository\org\apache\tomcat\embed\tomcat-embed-websocket\9.0.71\tomcat-embed-websocket-9.0.71.jar;C:\env\maven\repository\org\springframework\spring-web\5.3.25\spring-web-5.3.25.jar;C:\env\maven\repository\org\springframework\spring-beans\5.3.25\spring-beans-5.3.25.jar;C:\env\maven\repository\org\springframework\spring-webmvc\5.3.25\spring-webmvc-5.3.25.jar;C:\env\maven\repository\org\springframework\spring-aop\5.3.25\spring-aop-5.3.25.jar;C:\env\maven\repository\org\springframework\spring-context\5.3.25\spring-context-5.3.25.jar;C:\env\maven\repository\org\springframework\spring-expression\5.3.25\spring-expression-5.3.25.jar;C:\env\maven\repository\org\springframework\boot\spring-boot-starter-test\2.7.8\spring-boot-starter-test-2.7.8.jar;C:\env\maven\repository\org\springframework\boot\spring-boot-test\2.7.8\spring-boot-test-2.7.8.jar;C:\env\maven\repository\org\springframework\boot\spring-boot-test-autoconfigure\2.7.8\spring-boot-test-autoconfigure-2.7.8.jar;C:\env\maven\repository\com\jayway\jsonpath\json-path\2.7.0\json-path-2.7.0.jar;C:\env\maven\repository\net\minidev\json-smart\2.4.8\json-smart-2.4.8.jar;C:\env\maven\repository\net\minidev\accessors-smart\2.4.8\accessors-smart-2.4.8.jar;C:\env\maven\repository\org\ow2\asm\asm\9.1\asm-9.1.jar;C:\env\maven\repository\jakarta\xml\bind\jakarta.xml.bind-api\2.3.3\jakarta.xml.bind-api-2.3.3.jar;C:\env\maven\repository\jakarta\activation\jakarta.activation-api\1.2.2\jakarta.activation-api-1.2.2.jar;C:\env\maven\repository\org\assertj\assertj-core\3.22.0\assertj-core-3.22.0.jar;C:\env\maven\repository\org\hamcrest\hamcrest\2.2\hamcrest-2.2.jar;C:\env\maven\repository\org\junit\jupiter\junit-jupiter\5.8.2\junit-jupiter-5.8.2.jar;C:\env\maven\repository\org\junit\jupiter\junit-jupiter-api\5.8.2\junit-jupiter-api-5.8.2.jar;C:\env\maven\repository\org\opentest4j\opentest4j\1.2.0\opentest4j-1.2.0.jar;C:\env\maven\repository\org\junit\platform\junit-platform-commons\1.8.2\junit-platform-commons-1.8.2.jar;C:\env\maven\repository\org\apiguardian\apiguardian-api\1.1.2\apiguardian-api-1.1.2.jar;C:\env\maven\repository\org\junit\jupiter\junit-jupiter-params\5.8.2\junit-jupiter-params-5.8.2.jar;C:\env\maven\repository\org\junit\jupiter\junit-jupiter-engine\5.8.2\junit-jupiter-engine-5.8.2.jar;C:\env\maven\repository\org\junit\platform\junit-platform-engine\1.8.2\junit-platform-engine-1.8.2.jar;C:\env\maven\repository\org\mockito\mockito-core\4.5.1\mockito-core-4.5.1.jar;C:\env\maven\repository\net\bytebuddy\byte-buddy\1.12.22\byte-buddy-1.12.22.jar;C:\env\maven\repository\net\bytebuddy\byte-buddy-agent\1.12.22\byte-buddy-agent-1.12.22.jar;C:\env\maven\repository\org\objenesis\objenesis\3.2\objenesis-3.2.jar;C:\env\maven\repository\org\mockito\mockito-junit-jupiter\4.5.1\mockito-junit-jupiter-4.5.1.jar;C:\env\maven\repository\org\skyscreamer\jsonassert\1.5.1\jsonassert-1.5.1.jar;C:\env\maven\repository\com\vaadin\external\google\android-json\0.0.20131108.vaadin1\android-json-0.0.20131108.vaadin1.jar;C:\env\maven\repository\org\springframework\spring-core\5.3.25\spring-core-5.3.25.jar;C:\env\maven\repository\org\springframework\spring-jcl\5.3.25\spring-jcl-5.3.25.jar;C:\env\maven\repository\org\springframework\spring-test\5.3.25\spring-test-5.3.25.jar;C:\env\maven\repository\org\xmlunit\xmlunit-core\2.9.1\xmlunit-core-2.9.1.jar;C:\env\maven\repository\io\springfox\springfox-boot-starter\3.0.0\springfox-boot-starter-3.0.0.jar;C:\env\maven\repository\io\springfox\springfox-oas\3.0.0\springfox-oas-3.0.0.jar;C:\env\maven\repository\io\swagger\core\v3\swagger-annotations\2.1.2\swagger-annotations-2.1.2.jar;C:\env\maven\repository\io\swagger\core\v3\swagger-models\2.1.2\swagger-models-2.1.2.jar;C:\env\maven\repository\io\springfox\springfox-spi\3.0.0\springfox-spi-3.0.0.jar;C:\env\maven\repository\io\springfox\springfox-schema\3.0.0\springfox-schema-3.0.0.jar;C:\env\maven\repository\io\springfox\springfox-core\3.0.0\springfox-core-3.0.0.jar;C:\env\maven\repository\io\springfox\springfox-spring-web\3.0.0\springfox-spring-web-3.0.0.jar;C:\env\maven\repository\io\github\classgraph\classgraph\4.8.83\classgraph-4.8.83.jar;C:\env\maven\repository\io\springfox\springfox-spring-webmvc\3.0.0\springfox-spring-webmvc-3.0.0.jar;C:\env\maven\repository\io\springfox\springfox-spring-webflux\3.0.0\springfox-spring-webflux-3.0.0.jar;C:\env\maven\repository\io\springfox\springfox-swagger-common\3.0.0\springfox-swagger-common-3.0.0.jar;C:\env\maven\repository\org\mapstruct\mapstruct\1.3.1.Final\mapstruct-1.3.1.Final.jar;C:\env\maven\repository\io\springfox\springfox-data-rest\3.0.0\springfox-data-rest-3.0.0.jar;C:\env\maven\repository\io\springfox\springfox-bean-validators\3.0.0\springfox-bean-validators-3.0.0.jar;C:\env\maven\repository\io\springfox\springfox-swagger2\3.0.0\springfox-swagger2-3.0.0.jar;C:\env\maven\repository\io\swagger\swagger-annotations\1.5.20\swagger-annotations-1.5.20.jar;C:\env\maven\repository\io\swagger\swagger-models\1.5.20\swagger-models-1.5.20.jar;C:\env\maven\repository\io\springfox\springfox-swagger-ui\3.0.0\springfox-swagger-ui-3.0.0.jar;C:\env\maven\repository\com\fasterxml\classmate\1.5.1\classmate-1.5.1.jar;C:\env\maven\repository\org\slf4j\slf4j-api\1.7.36\slf4j-api-1.7.36.jar;C:\env\maven\repository\org\springframework\plugin\spring-plugin-core\2.0.0.RELEASE\spring-plugin-core-2.0.0.RELEASE.jar;C:\env\maven\repository\org\springframework\plugin\spring-plugin-metadata\2.0.0.RELEASE\spring-plugin-metadata-2.0.0.RELEASE.jar;C:\env\maven\repository\org\springframework\boot\spring-boot-starter-data-jpa\2.7.8\spring-boot-starter-data-jpa-2.7.8.jar;C:\env\maven\repository\org\springframework\boot\spring-boot-starter-aop\2.7.8\spring-boot-starter-aop-2.7.8.jar;C:\env\maven\repository\org\aspectj\aspectjweaver\1.9.7\aspectjweaver-1.9.7.jar;C:\env\maven\repository\org\springframework\boot\spring-boot-starter-jdbc\2.7.8\spring-boot-starter-jdbc-2.7.8.jar;C:\env\maven\repository\com\zaxxer\HikariCP\4.0.3\HikariCP-4.0.3.jar;C:\env\maven\repository\org\springframework\spring-jdbc\5.3.25\spring-jdbc-5.3.25.jar;C:\env\maven\repository\jakarta\transaction\jakarta.transaction-api\1.3.3\jakarta.transaction-api-1.3.3.jar;C:\env\maven\repository\jakarta\persistence\jakarta.persistence-api\2.2.3\jakarta.persistence-api-2.2.3.jar;C:\env\maven\repository\org\hibernate\hibernate-core\5.6.14.Final\hibernate-core-5.6.14.Final.jar;C:\env\maven\repository\org\jboss\logging\jboss-logging\3.4.3.Final\jboss-logging-3.4.3.Final.jar;C:\env\maven\repository\antlr\antlr\2.7.7\antlr-2.7.7.jar;C:\env\maven\repository\org\jboss\jandex\2.4.2.Final\jandex-2.4.2.Final.jar;C:\env\maven\repository\org\hibernate\common\hibernate-commons-annotations\5.1.2.Final\hibernate-commons-annotations-5.1.2.Final.jar;C:\env\maven\repository\org\glassfish\jaxb\jaxb-runtime\2.3.7\jaxb-runtime-2.3.7.jar;C:\env\maven\repository\org\glassfish\jaxb\txw2\2.3.7\txw2-2.3.7.jar;C:\env\maven\repository\com\sun\istack\istack-commons-runtime\3.0.12\istack-commons-runtime-3.0.12.jar;C:\env\maven\repository\com\sun\activation\jakarta.activation\1.2.2\jakarta.activation-1.2.2.jar;C:\env\maven\repository\org\springframework\data\spring-data-jpa\2.7.7\spring-data-jpa-2.7.7.jar;C:\env\maven\repository\org\springframework\data\spring-data-commons\2.7.7\spring-data-commons-2.7.7.jar;C:\env\maven\repository\org\springframework\spring-orm\5.3.25\spring-orm-5.3.25.jar;C:\env\maven\repository\org\springframework\spring-tx\5.3.25\spring-tx-5.3.25.jar;C:\env\maven\repository\org\springframework\spring-aspects\5.3.25\spring-aspects-5.3.25.jar;C:\env\maven\repository\mysql\mysql-connector-java\8.0.17\mysql-connector-java-8.0.17.jar;C:\env\maven\repository\com\google\protobuf\protobuf-java\3.6.1\protobuf-java-3.6.1.jar;C:\env\maven\repository\org\springframework\boot\spring-boot-starter-data-redis\2.7.8\spring-boot-starter-data-redis-2.7.8.jar;C:\env\maven\repository\org\springframework\data\spring-data-redis\2.7.7\spring-data-redis-2.7.7.jar;C:\env\maven\repository\org\springframework\data\spring-data-keyvalue\2.7.7\spring-data-keyvalue-2.7.7.jar;C:\env\maven\repository\org\springframework\spring-oxm\5.3.25\spring-oxm-5.3.25.jar;C:\env\maven\repository\org\springframework\spring-context-support\5.3.25\spring-context-support-5.3.25.jar;C:\env\maven\repository\io\lettuce\lettuce-core\6.1.10.RELEASE\lettuce-core-6.1.10.RELEASE.jar;C:\env\maven\repository\io\netty\netty-common\4.1.87.Final\netty-common-4.1.87.Final.jar;C:\env\maven\repository\io\netty\netty-handler\4.1.87.Final\netty-handler-4.1.87.Final.jar;C:\env\maven\repository\io\netty\netty-resolver\4.1.87.Final\netty-resolver-4.1.87.Final.jar;C:\env\maven\repository\io\netty\netty-buffer\4.1.87.Final\netty-buffer-4.1.87.Final.jar;C:\env\maven\repository\io\netty\netty-transport-native-unix-common\4.1.87.Final\netty-transport-native-unix-common-4.1.87.Final.jar;C:\env\maven\repository\io\netty\netty-codec\4.1.87.Final\netty-codec-4.1.87.Final.jar;C:\env\maven\repository\io\netty\netty-transport\4.1.87.Final\netty-transport-4.1.87.Final.jar;C:\env\maven\repository\io\projectreactor\reactor-core\3.4.26\reactor-core-3.4.26.jar;C:\env\maven\repository\org\reactivestreams\reactive-streams\1.0.4\reactive-streams-1.0.4.jar;C:\env\maven\repository\org\projectlombok\lombok\1.18.24\lombok-1.18.24.jar;C:\env\maven\repository\org\modelmapper\modelmapper\2.4.5\modelmapper-2.4.5.jar;C:\env\maven\repository\org\springframework\boot\spring-boot-configuration-processor\2.7.8\spring-boot-configuration-processor-2.7.8.jar;"/>
    <property name="sun.cpu.endian" value="little"/>
    <property name="user.home" value="C:\Users\Ching"/>
    <property name="user.language" value="zh"/>
    <property name="java.specification.vendor" value="Oracle Corporation"/>
    <property name="java.version.date" value="2022-10-18"/>
    <property name="java.home" value="C:\env\java\jdk-11.0.17"/>
    <property name="file.separator" value="\"/>
    <property name="basedir" value="C:\project\java\springboot\glutaa-api"/>
    <property name="java.vm.compressedOopsMode" value="Zero based"/>
    <property name="line.separator" value="&#10;"/>
    <property name="java.specification.name" value="Java Platform API Specification"/>
    <property name="java.vm.specification.vendor" value="Oracle Corporation"/>
    <property name="java.awt.graphicsenv" value="sun.awt.Win32GraphicsEnvironment"/>
    <property name="surefire.real.class.path" value="C:\Users\Ching\AppData\Local\Temp\surefire11873373332673785902\surefirebooter115657335704389706.jar"/>
    <property name="user.script" value=""/>
    <property name="sun.management.compiler" value="HotSpot 64-Bit Tiered Compilers"/>
    <property name="java.runtime.version" value="11.0.17+10-LTS-269"/>
    <property name="user.name" value="Ching"/>
    <property name="path.separator" value=";"/>
    <property name="os.version" value="10.0"/>
    <property name="java.runtime.name" value="Java(TM) SE Runtime Environment"/>
    <property name="file.encoding" value="GBK"/>
    <property name="java.vm.name" value="Java HotSpot(TM) 64-Bit Server VM"/>
    <property name="java.vendor.version" value="18.9"/>
    <property name="localRepository" value="C:\env\maven\repository"/>
    <property name="java.vendor.url.bug" value="https://bugreport.java.com/bugreport/"/>
    <property name="java.io.tmpdir" value="C:\Users\Ching\AppData\Local\Temp\"/>
    <property name="idea.version" value="2020.3.4"/>
    <property name="java.version" value="11.0.17"/>
    <property name="user.dir" value="C:\project\java\springboot\glutaa-api"/>
    <property name="os.arch" value="amd64"/>
    <property name="java.vm.specification.name" value="Java Virtual Machine Specification"/>
    <property name="java.awt.printerjob" value="sun.awt.windows.WPrinterJob"/>
    <property name="sun.os.patch.level" value=""/>
    <property name="java.library.path" value="C:\env\java\jdk-11.0.17\bin;C:\Windows\Sun\Java\bin;C:\Windows\system32;C:\Windows;C:\env\java\jdk-11.0.17\bin;C:\env\maven\apache-maven-3.6.3\bin;C:\Windows\system32;C:\Windows;C:\Windows\System32\Wbem;C:\Windows\System32\WindowsPowerShell\v1.0\;C:\Windows\System32\OpenSSH\;C:\Program Files\Microsoft SQL Server\150\Tools\Binn\;C:\Program Files\Microsoft SQL Server\Client SDK\ODBC\170\Tools\Binn\;C:\Program Files\dotnet\;C:\Program Files (x86)\Tencent\微信web开发者工具\dll;C:\env;nodejs\;C:\Program Files\Docker\Docker\resources\bin;C:\env\git\Git\cmd;C:\database\mysql-8.0.32-winx64\bin;C:\env\python\Scripts\;C:\env\python\;C:\Users\Ching\AppData\Local\Microsoft\WindowsApps;C:\Users\Ching\AppData\Local\Programs\Microsoft VS Code\bin;C:\Users\Ching\.dotnet\tools;C:\Program Files\JetBrains\IntelliJ IDEA 2022.3.1\bin;;C:\Users\Ching\AppData\Roaming\npm;C:\Program Files\JetBrains\PyCharm Community Edition 2022.3.1\bin;;C:\database\mysql-8.0.32-winx64\bin;;."/>
    <property name="java.vendor" value="Oracle Corporation"/>
    <property name="java.vm.info" value="mixed mode"/>
    <property name="java.vm.version" value="11.0.17+10-LTS-269"/>
    <property name="sun.io.unicode.encoding" value="UnicodeLittle"/>
    <property name="maven.repo.local" value="C:\env\maven\repository"/>
    <property name="java.class.version" value="55.0"/>
  </properties>
  <testcase name="addUserTest" classname="cn.glutaa.GlutaaApiApplicationTests" time="0.38"/>
  <testcase name="modelMapperTest" classname="cn.glutaa.GlutaaApiApplicationTests" time="0.016"/>
  <testcase name="restTemplateTest" classname="cn.glutaa.GlutaaApiApplicationTests" time="0.312"/>
  <testcase name="contextLoads" classname="cn.glutaa.GlutaaApiApplicationTests" time="0"/>
  <testcase name="redisTest" classname="cn.glutaa.GlutaaApiApplicationTests" time="0.64"/>
</testsuite>